Arguments: 
  /usr/local/Cellar/node/19.0.1/bin/node /usr/local/Cellar/yarn/1.22.19/libexec/bin/yarn.js add popperjs

PATH: 
  /usr/local/opt/libpq/bin:/usr/local/opt/gnu-getopt/bin:/opt/local/bin:/opt/local/sbin:/Users/mark/.plenv/shims:/Users/mark/.rbenv/shims:/usr/local/bin:/usr/bin:/bin:/usr/sbin:/sbin:/usr/local/MacGPG2/bin

Yarn version: 
  1.22.19

Node version: 
  19.0.1

Platform: 
  darwin x64

Trace: 
  Error: https://registry.yarnpkg.com/popperjs: Not found
      at params.callback [as _callback] (/usr/local/Cellar/yarn/1.22.19/libexec/lib/cli.js:66145:18)
      at self.callback (/usr/local/Cellar/yarn/1.22.19/libexec/lib/cli.js:140890:22)
      at Request.emit (node:events:513:28)
      at Request.<anonymous> (/usr/local/Cellar/yarn/1.22.19/libexec/lib/cli.js:141862:10)
      at Request.emit (node:events:513:28)
      at IncomingMessage.<anonymous> (/usr/local/Cellar/yarn/1.22.19/libexec/lib/cli.js:141784:12)
      at Object.onceWrapper (node:events:627:28)
      at IncomingMessage.emit (node:events:525:35)
      at endReadableNT (node:internal/streams/readable:1359:12)
      at process.processTicksAndRejections (node:internal/process/task_queues:82:21)

npm manifest: 
  {
    "dependencies": {
      "log4javascript": "^1.4.16"
    }
  }

yarn manifest: 
  No manifest

Lockfile: 
  No lockfile
